<?xml version="1.0" encoding="UTF-8"?>
<testng-results ignored="0" total="1" passed="1" failed="0" skipped="0">
  <reporter-output>
  </reporter-output>
  <suite started-at="2023-05-26T08:06:34 IST" name="Default suite" finished-at="2023-05-26T08:07:40 IST" duration-ms="66050">
    <groups>
    </groups>
    <test started-at="2023-05-26T08:06:34 IST" name="Default test" finished-at="2023-05-26T08:07:40 IST" duration-ms="66050">
      <class name="testCases.LoginTestCaseWithOutAnnotation">
        <test-method signature="login()[pri:0, instance:testCases.LoginTestCaseWithOutAnnotation@6d4e5011]" started-at="2023-05-26T08:06:34 IST" name="login" finished-at="2023-05-26T08:07:40 IST" duration-ms="65928" status="PASS">
          <reporter-output>
          </reporter-output>
        </test-method> <!-- login -->
      </class> <!-- testCases.LoginTestCaseWithOutAnnotation -->
    </test> <!-- Default test -->
  </suite> <!-- Default suite -->
</testng-results>
